1537188447038	geckodriver	INFO	geckodriver 0.21.0
1537188447059	geckodriver	INFO	Listening on 127.0.0.1:49494
1537188447984	mozrunner::runner	INFO	Running command: "/Applications/Firefox.app/Contents/MacOS/firefox-bin" "-marionette" "-foreground" "-no-remote" "-profile" "/var/folders/47/r9vz5bw930xcjg7qy_1nvgbr0000gp/T/rust_mozprofile.Elha1EdhKPQA"
2018-09-17 09:47:30.008 plugin-container[747:218495] *** CFMessagePort: bootstrap_register(): failed 1100 (0x44c) 'Permission denied', port = 0x863f, name = 'com.apple.tsm.portname'
See /usr/include/servers/bootstrap_defs.h for the error codes.
2018-09-17 09:47:30.095 plugin-container[748:218530] *** CFMessagePort: bootstrap_register(): failed 1100 (0x44c) 'Permission denied', port = 0x8b43, name = 'com.apple.tsm.portname'
See /usr/include/servers/bootstrap_defs.h for the error codes.
1537188450478	Marionette	INFO	Listening on port 49505
1537188450561	Marionette	WARN	TLS certificate errors will be ignored for this session
1537188450616	Marionette	DEBUG	[2147483649] Frame script loaded
1537188450617	Marionette	DEBUG	[2147483649] Frame script registered
2018-09-17 09:47:31.372 plugin-container[749:218722] *** CFMessagePort: bootstrap_register(): failed 1100 (0x44c) 'Permission denied', port = 0x6a37, name = 'com.apple.tsm.portname'
See /usr/include/servers/bootstrap_defs.h for the error codes.
1537188488490	geckodriver	INFO	geckodriver 0.21.0
1537188488497	geckodriver	INFO	Listening on 127.0.0.1:49540
1537188489500	mozrunner::runner	INFO	Running command: "/Applications/Firefox.app/Contents/MacOS/firefox-bin" "-marionette" "-foreground" "-no-remote" "-profile" "/var/folders/47/r9vz5bw930xcjg7qy_1nvgbr0000gp/T/rust_mozprofile.8S0r4xEkmq2D"
2018-09-17 09:48:11.194 plugin-container[756:220936] *** CFMessagePort: bootstrap_register(): failed 1100 (0x44c) 'Permission denied', port = 0x8523, name = 'com.apple.tsm.portname'
See /usr/include/servers/bootstrap_defs.h for the error codes.
2018-09-17 09:48:11.379 plugin-container[757:220979] *** CFMessagePort: bootstrap_register(): failed 1100 (0x44c) 'Permission denied', port = 0x8807, name = 'com.apple.tsm.portname'
See /usr/include/servers/bootstrap_defs.h for the error codes.
1537188491667	Marionette	INFO	Listening on port 49551
1537188491736	Marionette	WARN	TLS certificate errors will be ignored for this session
1537188491790	Marionette	DEBUG	[4294967297] Frame script loaded
1537188491797	Marionette	DEBUG	[4294967297] Frame script registered
2018-09-17 09:48:12.545 plugin-container[758:221141] *** CFMessagePort: bootstrap_register(): failed 1100 (0x44c) 'Permission denied', port = 0x7837, name = 'com.apple.tsm.portname'
See /usr/include/servers/bootstrap_defs.h for the error codes.
1537188589672	geckodriver	INFO	geckodriver 0.21.0
1537188589679	geckodriver	INFO	Listening on 127.0.0.1:49595
1537188590686	mozrunner::runner	INFO	Running command: "/Applications/Firefox.app/Contents/MacOS/firefox-bin" "-marionette" "-foreground" "-no-remote" "-profile" "/var/folders/47/r9vz5bw930xcjg7qy_1nvgbr0000gp/T/rust_mozprofile.D41K7XH108hC"
2018-09-17 09:49:52.408 plugin-container[780:227120] *** CFMessagePort: bootstrap_register(): failed 1100 (0x44c) 'Permission denied', port = 0x783f, name = 'com.apple.tsm.portname'
See /usr/include/servers/bootstrap_defs.h for the error codes.
2018-09-17 09:49:52.603 plugin-container[781:227142] *** CFMessagePort: bootstrap_register(): failed 1100 (0x44c) 'Permission denied', port = 0x7907, name = 'com.apple.tsm.portname'
See /usr/include/servers/bootstrap_defs.h for the error codes.
1537188592832	Marionette	INFO	Listening on port 49606
1537188592857	Marionette	WARN	TLS certificate errors will be ignored for this session
1537188593015	Marionette	DEBUG	[4294967297] Frame script loaded
1537188593018	Marionette	DEBUG	[4294967297] Frame script registered
2018-09-17 09:49:53.348 plugin-container[782:227309] *** CFMessagePort: bootstrap_register(): failed 1100 (0x44c) 'Permission denied', port = 0x703b, name = 'com.apple.tsm.portname'
See /usr/include/servers/bootstrap_defs.h for the error codes.
1537188660652	geckodriver	INFO	geckodriver 0.21.0
1537188660659	geckodriver	INFO	Listening on 127.0.0.1:49639
1537188661664	mozrunner::runner	INFO	Running command: "/Applications/Firefox.app/Contents/MacOS/firefox-bin" "-marionette" "-foreground" "-no-remote" "-profile" "/var/folders/47/r9vz5bw930xcjg7qy_1nvgbr0000gp/T/rust_mozprofile.evgG2Sbn6xU2"
2018-09-17 09:51:03.283 plugin-container[793:231457] *** CFMessagePort: bootstrap_register(): failed 1100 (0x44c) 'Permission denied', port = 0x7407, name = 'com.apple.tsm.portname'
See /usr/include/servers/bootstrap_defs.h for the error codes.
2018-09-17 09:51:03.585 plugin-container[794:231500] *** CFMessagePort: bootstrap_register(): failed 1100 (0x44c) 'Permission denied', port = 0x7d07, name = 'com.apple.tsm.portname'
See /usr/include/servers/bootstrap_defs.h for the error codes.
1537188663793	Marionette	INFO	Listening on port 49650
1537188663820	Marionette	WARN	TLS certificate errors will be ignored for this session
1537188663875	Marionette	DEBUG	[4294967297] Frame script loaded
1537188663877	Marionette	DEBUG	[4294967297] Frame script registered
1537188664395	Marionette	DEBUG	[4294967297] Received DOM event beforeunload for about:blank
2018-09-17 09:51:04.690 plugin-container[795:231727] *** CFMessagePort: bootstrap_register(): failed 1100 (0x44c) 'Permission denied', port = 0x7103, name = 'com.apple.tsm.portname'
See /usr/include/servers/bootstrap_defs.h for the error codes.
1537188666286	Marionette	DEBUG	[4294967297] Received DOM event pagehide for about:blank
1537188669255	Marionette	DEBUG	[4294967297] Received DOM event DOMContentLoaded for http://automationpractice.com/index.php
1537188671834	Marionette	DEBUG	[4294967297] Received DOM event pageshow for http://automationpractice.com/index.php
1537188825476	geckodriver	INFO	geckodriver 0.21.0
1537188825483	geckodriver	INFO	Listening on 127.0.0.1:49698
1537188826490	mozrunner::runner	INFO	Running command: "/Applications/Firefox.app/Contents/MacOS/firefox-bin" "-marionette" "-foreground" "-no-remote" "-profile" "/var/folders/47/r9vz5bw930xcjg7qy_1nvgbr0000gp/T/rust_mozprofile.gCzD3f9YM1w8"
2018-09-17 09:53:48.228 plugin-container[811:241840] *** CFMessagePort: bootstrap_register(): failed 1100 (0x44c) 'Permission denied', port = 0x763f, name = 'com.apple.tsm.portname'
See /usr/include/servers/bootstrap_defs.h for the error codes.
2018-09-17 09:53:48.419 plugin-container[812:241864] *** CFMessagePort: bootstrap_register(): failed 1100 (0x44c) 'Permission denied', port = 0x873f, name = 'com.apple.tsm.portname'
See /usr/include/servers/bootstrap_defs.h for the error codes.
1537188828640	Marionette	INFO	Listening on port 49709
1537188828758	Marionette	WARN	TLS certificate errors will be ignored for this session
1537188828813	Marionette	DEBUG	[4294967297] Frame script loaded
1537188828815	Marionette	DEBUG	[4294967297] Frame script registered
1537188829359	Marionette	DEBUG	[4294967297] Received DOM event beforeunload for about:blank
2018-09-17 09:53:49.593 plugin-container[813:241991] *** CFMessagePort: bootstrap_register(): failed 1100 (0x44c) 'Permission denied', port = 0x893f, name = 'com.apple.tsm.portname'
See /usr/include/servers/bootstrap_defs.h for the error codes.
1537188830932	Marionette	DEBUG	[4294967297] Received DOM event pagehide for about:blank
1537188834639	Marionette	DEBUG	[4294967297] Received DOM event DOMContentLoaded for http://automationpractice.com/index.php
1537188837775	Marionette	DEBUG	[4294967297] Received DOM event pageshow for http://automationpractice.com/index.php
1537188959822	geckodriver	INFO	geckodriver 0.21.0
1537188959829	geckodriver	INFO	Listening on 127.0.0.1:49768
1537188960831	mozrunner::runner	INFO	Running command: "/Applications/Firefox.app/Contents/MacOS/firefox-bin" "-marionette" "-foreground" "-no-remote" "-profile" "/var/folders/47/r9vz5bw930xcjg7qy_1nvgbr0000gp/T/rust_mozprofile.exUFLr8C0R1M"
2018-09-17 09:56:02.590 plugin-container[823:249146] *** CFMessagePort: bootstrap_register(): failed 1100 (0x44c) 'Permission denied', port = 0x8107, name = 'com.apple.tsm.portname'
See /usr/include/servers/bootstrap_defs.h for the error codes.
2018-09-17 09:56:02.845 plugin-container[824:249171] *** CFMessagePort: bootstrap_register(): failed 1100 (0x44c) 'Permission denied', port = 0x7207, name = 'com.apple.tsm.portname'
See /usr/include/servers/bootstrap_defs.h for the error codes.
1537188963157	Marionette	INFO	Listening on port 49779
1537188963192	Marionette	WARN	TLS certificate errors will be ignored for this session
1537188963253	Marionette	DEBUG	[4294967297] Frame script loaded
1537188963261	Marionette	DEBUG	[4294967297] Frame script registered
1537188963818	Marionette	DEBUG	[4294967297] Received DOM event beforeunload for about:blank
2018-09-17 09:56:04.150 plugin-container[825:249316] *** CFMessagePort: bootstrap_register(): failed 1100 (0x44c) 'Permission denied', port = 0x8f37, name = 'com.apple.tsm.portname'
See /usr/include/servers/bootstrap_defs.h for the error codes.
1537188965609	Marionette	DEBUG	[4294967297] Received DOM event pagehide for about:blank
1537188969347	Marionette	DEBUG	[4294967297] Received DOM event DOMContentLoaded for http://automationpractice.com/index.php
1537188972629	Marionette	DEBUG	[4294967297] Received DOM event pageshow for http://automationpractice.com/index.php
1537189012188	geckodriver	INFO	geckodriver 0.21.0
1537189012195	geckodriver	INFO	Listening on 127.0.0.1:49839
1537189013198	mozrunner::runner	INFO	Running command: "/Applications/Firefox.app/Contents/MacOS/firefox-bin" "-marionette" "-foreground" "-no-remote" "-profile" "/var/folders/47/r9vz5bw930xcjg7qy_1nvgbr0000gp/T/rust_mozprofile.cIO3cYzItSh8"
2018-09-17 09:56:54.851 plugin-container[831:251696] *** CFMessagePort: bootstrap_register(): failed 1100 (0x44c) 'Permission denied', port = 0x7243, name = 'com.apple.tsm.portname'
See /usr/include/servers/bootstrap_defs.h for the error codes.
2018-09-17 09:56:55.159 plugin-container[832:251724] *** CFMessagePort: bootstrap_register(): failed 1100 (0x44c) 'Permission denied', port = 0x8d3f, name = 'com.apple.tsm.portname'
See /usr/include/servers/bootstrap_defs.h for the error codes.
1537189015370	Marionette	INFO	Listening on port 49850
1537189015456	Marionette	WARN	TLS certificate errors will be ignored for this session
1537189015514	Marionette	DEBUG	[4294967297] Frame script loaded
1537189015516	Marionette	DEBUG	[4294967297] Frame script registered
1537189016020	Marionette	DEBUG	[4294967297] Received DOM event beforeunload for about:blank
2018-09-17 09:56:56.341 plugin-container[833:251867] *** CFMessagePort: bootstrap_register(): failed 1100 (0x44c) 'Permission denied', port = 0x8b37, name = 'com.apple.tsm.portname'
See /usr/include/servers/bootstrap_defs.h for the error codes.
1537189017386	Marionette	DEBUG	[4294967297] Received DOM event pagehide for about:blank
1537189021029	Marionette	DEBUG	[4294967297] Received DOM event DOMContentLoaded for http://automationpractice.com/index.php
1537189024590	Marionette	DEBUG	[4294967297] Received DOM event pageshow for http://automationpractice.com/index.php
1537189052590	Marionette	INFO	Stopped listening on port 49779
1537189056916	Marionette	INFO	Stopped listening on port 49709
1537189057655	Marionette	INFO	Stopped listening on port 49650
1537189058727	Marionette	INFO	Stopped listening on port 49606
1537189059680	Marionette	INFO	Stopped listening on port 49551
2018-09-17 09:57:42.214 plugin-container[837:254619] *** CFMessagePort: bootstrap_register(): failed 1100 (0x44c) 'Permission denied', port = 0x883b, name = 'com.apple.tsm.portname'
See /usr/include/servers/bootstrap_defs.h for the error codes.
1537189062642	Marionette	INFO	Stopped listening on port 49505
1537189097204	geckodriver	INFO	geckodriver 0.21.0
1537189097211	geckodriver	INFO	Listening on 127.0.0.1:49900
1537189098217	mozrunner::runner	INFO	Running command: "/Applications/Firefox.app/Contents/MacOS/firefox-bin" "-marionette" "-foreground" "-no-remote" "-profile" "/var/folders/47/r9vz5bw930xcjg7qy_1nvgbr0000gp/T/rust_mozprofile.NFXJFE0FlS4A"
2018-09-17 09:58:19.850 plugin-container[844:255919] *** CFMessagePort: bootstrap_register(): failed 1100 (0x44c) 'Permission denied', port = 0x783f, name = 'com.apple.tsm.portname'
See /usr/include/servers/bootstrap_defs.h for the error codes.
2018-09-17 09:58:20.128 plugin-container[845:255960] *** CFMessagePort: bootstrap_register(): failed 1100 (0x44c) 'Permission denied', port = 0x7503, name = 'com.apple.tsm.portname'
See /usr/include/servers/bootstrap_defs.h for the error codes.
1537189100411	Marionette	INFO	Listening on port 49911
1537189100466	Marionette	WARN	TLS certificate errors will be ignored for this session
1537189100522	Marionette	DEBUG	[4294967297] Frame script loaded
1537189100529	Marionette	DEBUG	[4294967297] Frame script registered
2018-09-17 09:58:21.264 plugin-container[846:256187] *** CFMessagePort: bootstrap_register(): failed 1100 (0x44c) 'Permission denied', port = 0x7037, name = 'com.apple.tsm.portname'
See /usr/include/servers/bootstrap_defs.h for the error codes.
1537189115755	geckodriver	INFO	geckodriver 0.21.0
1537189115763	geckodriver	INFO	Listening on 127.0.0.1:49943
1537189116781	mozrunner::runner	INFO	Running command: "/Applications/Firefox.app/Contents/MacOS/firefox-bin" "-marionette" "-foreground" "-no-remote" "-profile" "/var/folders/47/r9vz5bw930xcjg7qy_1nvgbr0000gp/T/rust_mozprofile.wfqsDagrvtUv"
2018-09-17 09:58:38.381 plugin-container[852:256963] *** CFMessagePort: bootstrap_register(): failed 1100 (0x44c) 'Permission denied', port = 0x8843, name = 'com.apple.tsm.portname'
See /usr/include/servers/bootstrap_defs.h for the error codes.
2018-09-17 09:58:38.671 plugin-container[853:257006] *** CFMessagePort: bootstrap_register(): failed 1100 (0x44c) 'Permission denied', port = 0x7847, name = 'com.apple.tsm.portname'
See /usr/include/servers/bootstrap_defs.h for the error codes.
1537189118882	Marionette	INFO	Listening on port 49954
1537189118932	Marionette	WARN	TLS certificate errors will be ignored for this session
1537189118987	Marionette	DEBUG	[4294967297] Frame script loaded
1537189118994	Marionette	DEBUG	[4294967297] Frame script registered
1537189119488	Marionette	DEBUG	[4294967297] Received DOM event beforeunload for about:blank
2018-09-17 09:58:39.796 plugin-container[854:257167] *** CFMessagePort: bootstrap_register(): failed 1100 (0x44c) 'Permission denied', port = 0x7137, name = 'com.apple.tsm.portname'
See /usr/include/servers/bootstrap_defs.h for the error codes.
1537189120889	Marionette	DEBUG	[4294967297] Received DOM event pagehide for about:blank
1537189124375	Marionette	DEBUG	[4294967297] Received DOM event DOMContentLoaded for http://automationpractice.com/index.php
1537189127474	Marionette	DEBUG	[4294967297] Received DOM event pageshow for http://automationpractice.com/index.php
1537189185245	geckodriver	INFO	geckodriver 0.21.0
1537189185253	geckodriver	INFO	Listening on 127.0.0.1:50010
1537189186264	mozrunner::runner	INFO	Running command: "/Applications/Firefox.app/Contents/MacOS/firefox-bin" "-marionette" "-foreground" "-no-remote" "-profile" "/var/folders/47/r9vz5bw930xcjg7qy_1nvgbr0000gp/T/rust_mozprofile.YLu0KXFiPs2E"
2018-09-17 09:59:47.849 plugin-container[860:260117] *** CFMessagePort: bootstrap_register(): failed 1100 (0x44c) 'Permission denied', port = 0x6f3f, name = 'com.apple.tsm.portname'
See /usr/include/servers/bootstrap_defs.h for the error codes.
2018-09-17 09:59:48.135 plugin-container[861:260140] *** CFMessagePort: bootstrap_register(): failed 1100 (0x44c) 'Permission denied', port = 0x703f, name = 'com.apple.tsm.portname'
See /usr/include/servers/bootstrap_defs.h for the error codes.
1537189188422	Marionette	INFO	Listening on port 50021
1537189188509	Marionette	WARN	TLS certificate errors will be ignored for this session
1537189188565	Marionette	DEBUG	[4294967297] Frame script loaded
1537189188575	Marionette	DEBUG	[4294967297] Frame script registered
2018-09-17 09:59:48.870 plugin-container[862:260246] *** CFMessagePort: bootstrap_register(): failed 1100 (0x44c) 'Permission denied', port = 0x7743, name = 'com.apple.tsm.portname'
See /usr/include/servers/bootstrap_defs.h for the error codes.
1537189189088	Marionette	DEBUG	[4294967297] Received DOM event beforeunload for about:blank
1537189190484	Marionette	DEBUG	[4294967297] Received DOM event pagehide for about:blank
1537189193910	Marionette	DEBUG	[4294967297] Received DOM event DOMContentLoaded for http://automationpractice.com/index.php
1537189197092	Marionette	DEBUG	[4294967297] Received DOM event pageshow for http://automationpractice.com/index.php
1537189202149	Marionette	DEBUG	[4294967297] Received DOM event beforeunload for http://automationpractice.com/index.php
1537189203850	Marionette	DEBUG	[4294967297] Received DOM event pagehide for http://automationpractice.com/index.php
1537189203851	Marionette	DEBUG	[4294967297] Received DOM event unload for http://automationpractice.com/index.php
1537189204659	Marionette	DEBUG	[4294967297] Received DOM event DOMContentLoaded for http://automationpractice.com/index.php?controller=authentication&back=my-account
1537189204744	Marionette	DEBUG	[4294967297] Received DOM event pageshow for http://automationpractice.com/index.php?controller=authentication&back=my-account
1537189416621	geckodriver	INFO	geckodriver 0.21.0
1537189416629	geckodriver	INFO	Listening on 127.0.0.1:50082
1537189417635	mozrunner::runner	INFO	Running command: "/Applications/Firefox.app/Contents/MacOS/firefox-bin" "-marionette" "-foreground" "-no-remote" "-profile" "/var/folders/47/r9vz5bw930xcjg7qy_1nvgbr0000gp/T/rust_mozprofile.Oiq94TpOv9NT"
2018-09-17 10:03:39.437 plugin-container[892:272152] *** CFMessagePort: bootstrap_register(): failed 1100 (0x44c) 'Permission denied', port = 0x8c43, name = 'com.apple.tsm.portname'
See /usr/include/servers/bootstrap_defs.h for the error codes.
2018-09-17 10:03:39.737 plugin-container[893:272175] *** CFMessagePort: bootstrap_register(): failed 1100 (0x44c) 'Permission denied', port = 0x723f, name = 'com.apple.tsm.portname'
See /usr/include/servers/bootstrap_defs.h for the error codes.
1537189420008	Marionette	INFO	Listening on port 50093
1537189420091	Marionette	WARN	TLS certificate errors will be ignored for this session
1537189420145	Marionette	DEBUG	[4294967297] Frame script loaded
1537189420151	Marionette	DEBUG	[4294967297] Frame script registered
2018-09-17 10:03:40.461 plugin-container[894:272271] *** CFMessagePort: bootstrap_register(): failed 1100 (0x44c) 'Permission denied', port = 0x723f, name = 'com.apple.tsm.portname'
See /usr/include/servers/bootstrap_defs.h for the error codes.
1537189420667	Marionette	DEBUG	[4294967297] Received DOM event beforeunload for about:blank
1537189422348	Marionette	DEBUG	[4294967297] Received DOM event pagehide for about:blank
1537189426060	Marionette	DEBUG	[4294967297] Received DOM event DOMContentLoaded for http://automationpractice.com/index.php
1537189429304	Marionette	DEBUG	[4294967297] Received DOM event pageshow for http://automationpractice.com/index.php
1537189434371	Marionette	DEBUG	[4294967297] Received DOM event beforeunload for http://automationpractice.com/index.php
1537189436235	Marionette	DEBUG	[4294967297] Received DOM event pagehide for http://automationpractice.com/index.php
1537189436236	Marionette	DEBUG	[4294967297] Received DOM event unload for http://automationpractice.com/index.php
1537189436945	Marionette	DEBUG	[4294967297] Received DOM event DOMContentLoaded for http://automationpractice.com/index.php?controller=authentication&back=my-account
1537189437026	Marionette	DEBUG	[4294967297] Received DOM event pageshow for http://automationpractice.com/index.php?controller=authentication&back=my-account
1537189437176	Marionette	DEBUG	[4294967297] Received DOM event beforeunload for http://automationpractice.com/index.php?controller=authentication&back=my-account
1537189438787	Marionette	DEBUG	[4294967297] Received DOM event pagehide for http://automationpractice.com/index.php?controller=authentication&back=my-account
1537189438788	Marionette	DEBUG	[4294967297] Received DOM event unload for http://automationpractice.com/index.php?controller=authentication&back=my-account
1537189439210	Marionette	DEBUG	[4294967297] Received DOM event DOMContentLoaded for http://automationpractice.com/index.php?controller=my-account
1537189439283	Marionette	DEBUG	[4294967297] Received DOM event pageshow for http://automationpractice.com/index.php?controller=my-account
1537189502521	geckodriver	INFO	geckodriver 0.21.0
1537189502528	geckodriver	INFO	Listening on 127.0.0.1:50156
1537189503534	mozrunner::runner	INFO	Running command: "/Applications/Firefox.app/Contents/MacOS/firefox-bin" "-marionette" "-foreground" "-no-remote" "-profile" "/var/folders/47/r9vz5bw930xcjg7qy_1nvgbr0000gp/T/rust_mozprofile.foUKJs1vkuIy"
2018-09-17 10:05:05.268 plugin-container[901:276702] *** CFMessagePort: bootstrap_register(): failed 1100 (0x44c) 'Permission denied', port = 0x7e3f, name = 'com.apple.tsm.portname'
See /usr/include/servers/bootstrap_defs.h for the error codes.
2018-09-17 10:05:05.450 plugin-container[902:276725] *** CFMessagePort: bootstrap_register(): failed 1100 (0x44c) 'Permission denied', port = 0x703f, name = 'com.apple.tsm.portname'
See /usr/include/servers/bootstrap_defs.h for the error codes.
1537189505733	Marionette	INFO	Listening on port 50167
1537189505783	Marionette	WARN	TLS certificate errors will be ignored for this session
1537189505839	Marionette	DEBUG	[4294967297] Frame script loaded
1537189505845	Marionette	DEBUG	[4294967297] Frame script registered
1537189506338	Marionette	DEBUG	[4294967297] Received DOM event beforeunload for about:blank
2018-09-17 10:05:06.632 plugin-container[903:276853] *** CFMessagePort: bootstrap_register(): failed 1100 (0x44c) 'Permission denied', port = 0x8943, name = 'com.apple.tsm.portname'
See /usr/include/servers/bootstrap_defs.h for the error codes.
1537189507926	Marionette	DEBUG	[4294967297] Received DOM event pagehide for about:blank
1537189511663	Marionette	DEBUG	[4294967297] Received DOM event DOMContentLoaded for http://automationpractice.com/index.php
1537189514813	Marionette	DEBUG	[4294967297] Received DOM event pageshow for http://automationpractice.com/index.php
1537189519876	Marionette	DEBUG	[4294967297] Received DOM event beforeunload for http://automationpractice.com/index.php
1537189522089	Marionette	DEBUG	[4294967297] Received DOM event pagehide for http://automationpractice.com/index.php
1537189522091	Marionette	DEBUG	[4294967297] Received DOM event unload for http://automationpractice.com/index.php
1537189522834	Marionette	DEBUG	[4294967297] Received DOM event DOMContentLoaded for http://automationpractice.com/index.php?controller=authentication&back=my-account
1537189522945	Marionette	DEBUG	[4294967297] Received DOM event pageshow for http://automationpractice.com/index.php?controller=authentication&back=my-account
1537189523166	Marionette	DEBUG	[4294967297] Received DOM event beforeunload for http://automationpractice.com/index.php?controller=authentication&back=my-account
1537189524858	Marionette	DEBUG	[4294967297] Received DOM event pagehide for http://automationpractice.com/index.php?controller=authentication&back=my-account
1537189524858	Marionette	DEBUG	[4294967297] Received DOM event unload for http://automationpractice.com/index.php?controller=authentication&back=my-account
1537189525270	Marionette	DEBUG	[4294967297] Received DOM event DOMContentLoaded for http://automationpractice.com/index.php?controller=my-account
1537189525357	Marionette	DEBUG	[4294967297] Received DOM event pageshow for http://automationpractice.com/index.php?controller=my-account
1537189525428	Marionette	DEBUG	[4294967297] Received DOM event beforeunload for http://automationpractice.com/index.php?controller=my-account
1537189527199	Marionette	DEBUG	[4294967297] Received DOM event pagehide for http://automationpractice.com/index.php?controller=my-account
1537189527201	Marionette	DEBUG	[4294967297] Received DOM event unload for http://automationpractice.com/index.php?controller=my-account
1537189528299	Marionette	DEBUG	[4294967297] Received DOM event DOMContentLoaded for http://automationpractice.com/index.php?id_category=3&controller=category
1537189528876	Marionette	DEBUG	[4294967297] Received DOM event pageshow for http://automationpractice.com/index.php?id_category=3&controller=category
1537189528948	Marionette	DEBUG	[4294967297] Received DOM event beforeunload for http://automationpractice.com/index.php?id_category=3&controller=category
1537189530022	Marionette	DEBUG	[4294967297] Received DOM event pagehide for http://automationpractice.com/index.php?id_category=3&controller=category
1537189530023	Marionette	DEBUG	[4294967297] Received DOM event unload for http://automationpractice.com/index.php?id_category=3&controller=category
1537189530192	Marionette	DEBUG	[4294967297] Received DOM event DOMContentLoaded for http://automationpractice.com/index.php?id_category=4&controller=category
1537189530643	Marionette	DEBUG	[4294967297] Received DOM event pageshow for http://automationpractice.com/index.php?id_category=4&controller=category
1537189535688	Marionette	DEBUG	[4294967297] Received DOM event beforeunload for http://automationpractice.com/index.php?id_category=4&controller=category
1537189537065	Marionette	DEBUG	[4294967297] Received DOM event pagehide for http://automationpractice.com/index.php?id_category=4&controller=category
1537189537066	Marionette	DEBUG	[4294967297] Received DOM event unload for http://automationpractice.com/index.php?id_category=4&controller=category
1537189538734	Marionette	DEBUG	[4294967297] Received DOM event DOMContentLoaded for http://automationpractice.com/index.php?id_product=2&controller=product
1537189539373	Marionette	DEBUG	[4294967297] Received DOM event pageshow for http://automationpractice.com/index.php?id_product=2&controller=product
1537189539637	Marionette	DEBUG	[4294967297] Canceled page load listener because no navigation has been detected
1537189581411	Marionette	DEBUG	[4294967315] Frame script loaded
1537189581416	Marionette	DEBUG	[4294967315] Frame script registered
1537189581449	Marionette	DEBUG	[6442450945] Frame script loaded
1537189581450	Marionette	DEBUG	[6442450945] Frame script registered
2018-09-17 10:06:22.696 plugin-container[904:279610] *** CFMessagePort: bootstrap_register(): failed 1100 (0x44c) 'Permission denied', port = 0x883f, name = 'com.apple.tsm.portname'
See /usr/include/servers/bootstrap_defs.h for the error codes.
1537189584278	Marionette	DEBUG	[8589934593] Frame script loaded
1537189584279	Marionette	DEBUG	[8589934593] Frame script registered
2018-09-17 10:06:25.511 plugin-container[905:279869] *** CFMessagePort: bootstrap_register(): failed 1100 (0x44c) 'Permission denied', port = 0x8407, name = 'com.apple.tsm.portname'
See /usr/include/servers/bootstrap_defs.h for the error codes.
1537189636902	geckodriver	INFO	geckodriver 0.21.0
1537189636910	geckodriver	INFO	Listening on 127.0.0.1:50289
1537189637913	mozrunner::runner	INFO	Running command: "/Applications/Firefox.app/Contents/MacOS/firefox-bin" "-marionette" "-foreground" "-no-remote" "-profile" "/var/folders/47/r9vz5bw930xcjg7qy_1nvgbr0000gp/T/rust_mozprofile.CPfxPaOBRMpA"
2018-09-17 10:07:19.553 plugin-container[915:283402] *** CFMessagePort: bootstrap_register(): failed 1100 (0x44c) 'Permission denied', port = 0x7143, name = 'com.apple.tsm.portname'
See /usr/include/servers/bootstrap_defs.h for the error codes.
2018-09-17 10:07:19.873 plugin-container[916:283424] *** CFMessagePort: bootstrap_register(): failed 1100 (0x44c) 'Permission denied', port = 0x9107, name = 'com.apple.tsm.portname'
See /usr/include/servers/bootstrap_defs.h for the error codes.
1537189640063	Marionette	INFO	Listening on port 50300
1537189640173	Marionette	WARN	TLS certificate errors will be ignored for this session
1537189640229	Marionette	DEBUG	[4294967297] Frame script loaded
1537189640230	Marionette	DEBUG	[4294967297] Frame script registered
1537189640757	Marionette	DEBUG	[4294967297] Received DOM event beforeunload for about:blank
2018-09-17 10:07:21.090 plugin-container[917:283560] *** CFMessagePort: bootstrap_register(): failed 1100 (0x44c) 'Permission denied', port = 0x7937, name = 'com.apple.tsm.portname'
See /usr/include/servers/bootstrap_defs.h for the error codes.
1537189642065	Marionette	DEBUG	[4294967297] Received DOM event pagehide for about:blank
1537189645446	Marionette	DEBUG	[4294967297] Received DOM event DOMContentLoaded for http://automationpractice.com/index.php
1537189648879	Marionette	DEBUG	[4294967297] Received DOM event pageshow for http://automationpractice.com/index.php
1537189653940	Marionette	DEBUG	[4294967297] Received DOM event beforeunload for http://automationpractice.com/index.php
1537189655564	Marionette	DEBUG	[4294967297] Received DOM event pagehide for http://automationpractice.com/index.php
1537189655567	Marionette	DEBUG	[4294967297] Received DOM event unload for http://automationpractice.com/index.php
1537189656366	Marionette	DEBUG	[4294967297] Received DOM event DOMContentLoaded for http://automationpractice.com/index.php?controller=authentication&back=my-account
1537189656446	Marionette	DEBUG	[4294967297] Received DOM event pageshow for http://automationpractice.com/index.php?controller=authentication&back=my-account
1537189656703	Marionette	DEBUG	[4294967297] Received DOM event beforeunload for http://automationpractice.com/index.php?controller=authentication&back=my-account
1537189658271	Marionette	DEBUG	[4294967297] Received DOM event pagehide for http://automationpractice.com/index.php?controller=authentication&back=my-account
1537189658272	Marionette	DEBUG	[4294967297] Received DOM event unload for http://automationpractice.com/index.php?controller=authentication&back=my-account
1537189658767	Marionette	DEBUG	[4294967297] Received DOM event DOMContentLoaded for http://automationpractice.com/index.php?controller=my-account
1537189658840	Marionette	DEBUG	[4294967297] Received DOM event pageshow for http://automationpractice.com/index.php?controller=my-account
1537189658913	Marionette	DEBUG	[4294967297] Received DOM event beforeunload for http://automationpractice.com/index.php?controller=my-account
1537189660207	Marionette	DEBUG	[4294967297] Received DOM event pagehide for http://automationpractice.com/index.php?controller=my-account
1537189660211	Marionette	DEBUG	[4294967297] Received DOM event unload for http://automationpractice.com/index.php?controller=my-account
1537189661272	Marionette	DEBUG	[4294967297] Received DOM event DOMContentLoaded for http://automationpractice.com/index.php?id_category=3&controller=category
1537189661811	Marionette	DEBUG	[4294967297] Received DOM event pageshow for http://automationpractice.com/index.php?id_category=3&controller=category
1537189661870	Marionette	DEBUG	[4294967297] Received DOM event beforeunload for http://automationpractice.com/index.php?id_category=3&controller=category
1537189662929	Marionette	DEBUG	[4294967297] Received DOM event pagehide for http://automationpractice.com/index.php?id_category=3&controller=category
1537189662930	Marionette	DEBUG	[4294967297] Received DOM event unload for http://automationpractice.com/index.php?id_category=3&controller=category
1537189663102	Marionette	DEBUG	[4294967297] Received DOM event DOMContentLoaded for http://automationpractice.com/index.php?id_category=4&controller=category
1537189663713	Marionette	DEBUG	[4294967297] Received DOM event pageshow for http://automationpractice.com/index.php?id_category=4&controller=category
1537189668765	Marionette	DEBUG	[4294967297] Received DOM event beforeunload for http://automationpractice.com/index.php?id_category=4&controller=category
1537189670455	Marionette	DEBUG	[4294967297] Received DOM event pagehide for http://automationpractice.com/index.php?id_category=4&controller=category
1537189670456	Marionette	DEBUG	[4294967297] Received DOM event unload for http://automationpractice.com/index.php?id_category=4&controller=category
1537189671467	Marionette	DEBUG	[4294967297] Received DOM event DOMContentLoaded for http://automationpractice.com/index.php?id_product=2&controller=product
1537189672069	Marionette	DEBUG	[4294967297] Received DOM event pageshow for http://automationpractice.com/index.php?id_product=2&controller=product
1537189672340	Marionette	DEBUG	[4294967297] Canceled page load listener because no navigation has been detected
1537189677378	Marionette	DEBUG	[4294967297] Received DOM event beforeunload for http://automationpractice.com/index.php?id_product=2&controller=product
1537189678518	Marionette	DEBUG	[4294967297] Received DOM event pagehide for http://automationpractice.com/index.php?id_product=2&controller=product
1537189678519	Marionette	DEBUG	[4294967297] Received DOM event unload for http://automationpractice.com/index.php?id_product=2&controller=product
1537189679537	Marionette	DEBUG	[4294967297] Received DOM event DOMContentLoaded for http://automationpractice.com/index.php?controller=order
1537189679987	Marionette	DEBUG	[4294967297] Received DOM event pageshow for http://automationpractice.com/index.php?controller=order
1537189680052	Marionette	DEBUG	[4294967297] Received DOM event beforeunload for http://automationpractice.com/index.php?controller=order
1537189681051	Marionette	DEBUG	[4294967297] Received DOM event pagehide for http://automationpractice.com/index.php?controller=order
1537189681053	Marionette	DEBUG	[4294967297] Received DOM event unload for http://automationpractice.com/index.php?controller=order
1537189681458	Marionette	DEBUG	[4294967297] Received DOM event DOMContentLoaded for http://automationpractice.com/index.php?controller=order&step=1
1537189681787	Marionette	DEBUG	[4294967297] Received DOM event pageshow for http://automationpractice.com/index.php?controller=order&step=1
1537189681833	Marionette	DEBUG	[4294967297] Received DOM event beforeunload for http://automationpractice.com/index.php?controller=order&step=1
1537189682888	Marionette	DEBUG	[4294967297] Received DOM event pagehide for http://automationpractice.com/index.php?controller=order&step=1
1537189682888	Marionette	DEBUG	[4294967297] Received DOM event unload for http://automationpractice.com/index.php?controller=order&step=1
1537189683360	Marionette	DEBUG	[4294967297] Received DOM event DOMContentLoaded for http://automationpractice.com/index.php?controller=order
1537189683687	Marionette	DEBUG	[4294967297] Received DOM event pageshow for http://automationpractice.com/index.php?controller=order
1537189683952	Marionette	DEBUG	[4294967297] Canceled page load listener because no navigation has been detected
1537189683982	Marionette	DEBUG	[4294967297] Received DOM event beforeunload for http://automationpractice.com/index.php?controller=order
1537189684929	Marionette	DEBUG	[4294967297] Received DOM event pagehide for http://automationpractice.com/index.php?controller=order
1537189684929	Marionette	DEBUG	[4294967297] Received DOM event unload for http://automationpractice.com/index.php?controller=order
1537189685064	Marionette	DEBUG	[4294967297] Received DOM event DOMContentLoaded for http://automationpractice.com/index.php?controller=order&multi-shipping=
1537189685392	Marionette	DEBUG	[4294967297] Received DOM event pageshow for http://automationpractice.com/index.php?controller=order&multi-shipping=
1537189685449	Marionette	DEBUG	[4294967297] Received DOM event beforeunload for http://automationpractice.com/index.php?controller=order&multi-shipping=
1537189686465	Marionette	DEBUG	[4294967297] Received DOM event pagehide for http://automationpractice.com/index.php?controller=order&multi-shipping=
1537189686466	Marionette	DEBUG	[4294967297] Received DOM event unload for http://automationpractice.com/index.php?controller=order&multi-shipping=
1537189686599	Marionette	DEBUG	[4294967297] Received DOM event DOMContentLoaded for http://automationpractice.com/index.php?fc=module&module=bankwire&controller=payment
1537189686673	Marionette	DEBUG	[4294967297] Received DOM event pageshow for http://automationpractice.com/index.php?fc=module&module=bankwire&controller=payment
1537189686736	Marionette	DEBUG	[4294967297] Received DOM event beforeunload for http://automationpractice.com/index.php?fc=module&module=bankwire&controller=payment
1537189689023	Marionette	DEBUG	[4294967297] Received DOM event pagehide for http://automationpractice.com/index.php?fc=module&module=bankwire&controller=payment
1537189689024	Marionette	DEBUG	[4294967297] Received DOM event unload for http://automationpractice.com/index.php?fc=module&module=bankwire&controller=payment
1537189689157	Marionette	DEBUG	[4294967297] Received DOM event DOMContentLoaded for http://automationpractice.com/index.php?controller=order-confirmation&id_cart=730172&id_module=3&id_order=72281&key=fac7ed884ef2eb5aa017f38718ed7ecf
1537189689232	Marionette	DEBUG	[4294967297] Received DOM event pageshow for http://automationpractice.com/index.php?controller=order-confirmation&id_cart=730172&id_module=3&id_order=72281&key=fac7ed884ef2eb5aa017f38718ed7ecf
1537189736465	geckodriver	INFO	geckodriver 0.21.0
1537189736472	geckodriver	INFO	Listening on 127.0.0.1:50390
1537189737476	mozrunner::runner	INFO	Running command: "/Applications/Firefox.app/Contents/MacOS/firefox-bin" "-marionette" "-foreground" "-no-remote" "-profile" "/var/folders/47/r9vz5bw930xcjg7qy_1nvgbr0000gp/T/rust_mozprofile.ucoH7Uo1xltu"
2018-09-17 10:08:59.185 plugin-container[924:286169] *** CFMessagePort: bootstrap_register(): failed 1100 (0x44c) 'Permission denied', port = 0x833b, name = 'com.apple.tsm.portname'
See /usr/include/servers/bootstrap_defs.h for the error codes.
2018-09-17 10:08:59.387 plugin-container[925:286193] *** CFMessagePort: bootstrap_register(): failed 1100 (0x44c) 'Permission denied', port = 0x723f, name = 'com.apple.tsm.portname'
See /usr/include/servers/bootstrap_defs.h for the error codes.
1537189739604	Marionette	INFO	Listening on port 50401
1537189739636	Marionette	WARN	TLS certificate errors will be ignored for this session
1537189739690	Marionette	DEBUG	[4294967297] Frame script loaded
1537189739692	Marionette	DEBUG	[4294967297] Frame script registered
1537189740151	Marionette	DEBUG	[4294967297] Received DOM event beforeunload for about:blank
2018-09-17 10:09:00.509 plugin-container[926:286324] *** CFMessagePort: bootstrap_register(): failed 1100 (0x44c) 'Permission denied', port = 0x8803, name = 'com.apple.tsm.portname'
See /usr/include/servers/bootstrap_defs.h for the error codes.
1537189742006	Marionette	DEBUG	[4294967297] Received DOM event pagehide for about:blank
1537189745155	Marionette	DEBUG	[4294967297] Received DOM event DOMContentLoaded for http://automationpractice.com/index.php
1537189748220	Marionette	DEBUG	[4294967297] Received DOM event pageshow for http://automationpractice.com/index.php
1537189810766	geckodriver	INFO	geckodriver 0.21.0
1537189810773	geckodriver	INFO	Listening on 127.0.0.1:50451
1537189811780	mozrunner::runner	INFO	Running command: "/Applications/Firefox.app/Contents/MacOS/firefox-bin" "-marionette" "-foreground" "-no-remote" "-profile" "/var/folders/47/r9vz5bw930xcjg7qy_1nvgbr0000gp/T/rust_mozprofile.9D4RaniumCdQ"
2018-09-17 10:10:13.468 plugin-container[935:289888] *** CFMessagePort: bootstrap_register(): failed 1100 (0x44c) 'Permission denied', port = 0x7407, name = 'com.apple.tsm.portname'
See /usr/include/servers/bootstrap_defs.h for the error codes.
2018-09-17 10:10:13.768 plugin-container[936:289911] *** CFMessagePort: bootstrap_register(): failed 1100 (0x44c) 'Permission denied', port = 0x7407, name = 'com.apple.tsm.portname'
See /usr/include/servers/bootstrap_defs.h for the error codes.
1537189814025	Marionette	INFO	Listening on port 50462
1537189814037	Marionette	WARN	TLS certificate errors will be ignored for this session
1537189814091	Marionette	DEBUG	[4294967297] Frame script loaded
1537189814093	Marionette	DEBUG	[4294967297] Frame script registered
1537189814173	Marionette	DEBUG	[4294967297] Received DOM event beforeunload for about:blank
2018-09-17 10:10:14.443 plugin-container[937:290009] *** CFMessagePort: bootstrap_register(): failed 1100 (0x44c) 'Permission denied', port = 0x7137, name = 'com.apple.tsm.portname'
See /usr/include/servers/bootstrap_defs.h for the error codes.
1537189815418	Marionette	DEBUG	[4294967297] Received DOM event pagehide for about:blank
1537189818806	Marionette	DEBUG	[4294967297] Received DOM event DOMContentLoaded for http://automationpractice.com/index.php
1537189821448	Marionette	DEBUG	[4294967297] Received DOM event pageshow for http://automationpractice.com/index.php
1537189829500	Marionette	INFO	Stopped listening on port 50462
1537189833794	Marionette	INFO	Stopped listening on port 50401
1537189835400	Marionette	INFO	Stopped listening on port 50300
1537189837362	Marionette	INFO	Stopped listening on port 50167
1537189838876	Marionette	INFO	Stopped listening on port 50093
1537189840260	Marionette	INFO	Stopped listening on port 50021
1537189841770	Marionette	INFO	Stopped listening on port 49954
1537189843432	Marionette	INFO	Stopped listening on port 49911
1537189894308	geckodriver	INFO	geckodriver 0.21.0
1537189894316	geckodriver	INFO	Listening on 127.0.0.1:50518
1537189895319	mozrunner::runner	INFO	Running command: "/Applications/Firefox.app/Contents/MacOS/firefox-bin" "-marionette" "-foreground" "-no-remote" "-profile" "/var/folders/47/r9vz5bw930xcjg7qy_1nvgbr0000gp/T/rust_mozprofile.Vp47meU4uiFh"
2018-09-17 10:11:37.004 plugin-container[945:295999] *** CFMessagePort: bootstrap_register(): failed 1100 (0x44c) 'Permission denied', port = 0x883f, name = 'com.apple.tsm.portname'
See /usr/include/servers/bootstrap_defs.h for the error codes.
2018-09-17 10:11:37.198 plugin-container[946:296022] *** CFMessagePort: bootstrap_register(): failed 1100 (0x44c) 'Permission denied', port = 0x773f, name = 'com.apple.tsm.portname'
See /usr/include/servers/bootstrap_defs.h for the error codes.
1537189897483	Marionette	INFO	Listening on port 50529
1537189897589	Marionette	WARN	TLS certificate errors will be ignored for this session
1537189897642	Marionette	DEBUG	[4294967297] Frame script loaded
1537189897673	Marionette	DEBUG	[4294967297] Frame script registered
2018-09-17 10:11:37.901 plugin-container[947:296137] *** CFMessagePort: bootstrap_register(): failed 1100 (0x44c) 'Permission denied', port = 0x8a3f, name = 'com.apple.tsm.portname'
See /usr/include/servers/bootstrap_defs.h for the error codes.
1537189898145	Marionette	DEBUG	[4294967297] Received DOM event beforeunload for about:blank
1537189899349	Marionette	DEBUG	[4294967297] Received DOM event pagehide for about:blank
1537189902298	Marionette	DEBUG	[4294967297] Received DOM event DOMContentLoaded for http://automationpractice.com/index.php
1537189904742	Marionette	DEBUG	[4294967297] Received DOM event pageshow for http://automationpractice.com/index.php
1537189909799	Marionette	DEBUG	[4294967297] Received DOM event beforeunload for http://automationpractice.com/index.php
1537189911378	Marionette	DEBUG	[4294967297] Received DOM event pagehide for http://automationpractice.com/index.php
1537189911382	Marionette	DEBUG	[4294967297] Received DOM event unload for http://automationpractice.com/index.php
1537189911992	Marionette	DEBUG	[4294967297] Received DOM event DOMContentLoaded for http://automationpractice.com/index.php?controller=authentication&back=my-account
1537189912078	Marionette	DEBUG	[4294967297] Received DOM event pageshow for http://automationpractice.com/index.php?controller=authentication&back=my-account
1537189912429	Marionette	DEBUG	[4294967297] Canceled page load listener because no navigation has been detected
1537189912659	Marionette	DEBUG	[4294967297] Canceled page load listener because no navigation has been detected
1537189913770	Marionette	DEBUG	[4294967297] Canceled page load listener because no navigation has been detected
1537189914070	Marionette	DEBUG	[4294967297] Canceled page load listener because no navigation has been detected
1537189914479	Marionette	DEBUG	[4294967297] Canceled page load listener because no navigation has been detected
1537189914716	Marionette	DEBUG	[4294967297] Canceled page load listener because no navigation has been detected
1537189914955	Marionette	DEBUG	[4294967297] Canceled page load listener because no navigation has been detected
1537189915179	Marionette	DEBUG	[4294967297] Canceled page load listener because no navigation has been detected
1537189915407	Marionette	DEBUG	[4294967297] Canceled page load listener because no navigation has been detected
1537189915842	Marionette	DEBUG	[4294967297] Canceled page load listener because no navigation has been detected
1537189916183	Marionette	DEBUG	[4294967297] Canceled page load listener because no navigation has been detected
1537189916439	Marionette	DEBUG	[4294967297] Received DOM event beforeunload for http://automationpractice.com/index.php?controller=authentication&back=my-account#account-creation
1537189917286	Marionette	DEBUG	[4294967297] Received DOM event pagehide for http://automationpractice.com/index.php?controller=authentication&back=my-account#account-creation
1537189917286	Marionette	DEBUG	[4294967297] Received DOM event unload for http://automationpractice.com/index.php?controller=authentication&back=my-account#account-creation
1537189917410	Marionette	DEBUG	[4294967297] Received DOM event DOMContentLoaded for http://automationpractice.com/index.php?controller=authentication
1537189917643	Marionette	DEBUG	[4294967297] Received DOM event pageshow for http://automationpractice.com/index.php?controller=authentication
1537189959995	geckodriver	INFO	geckodriver 0.21.0
1537189960003	geckodriver	INFO	Listening on 127.0.0.1:50596
1537189961007	mozrunner::runner	INFO	Running command: "/Applications/Firefox.app/Contents/MacOS/firefox-bin" "-marionette" "-foreground" "-no-remote" "-profile" "/var/folders/47/r9vz5bw930xcjg7qy_1nvgbr0000gp/T/rust_mozprofile.ycOWkjjevA16"
2018-09-17 10:12:42.706 plugin-container[957:298698] *** CFMessagePort: bootstrap_register(): failed 1100 (0x44c) 'Permission denied', port = 0x893f, name = 'com.apple.tsm.portname'
See /usr/include/servers/bootstrap_defs.h for the error codes.
2018-09-17 10:12:42.971 plugin-container[958:298722] *** CFMessagePort: bootstrap_register(): failed 1100 (0x44c) 'Permission denied', port = 0x733f, name = 'com.apple.tsm.portname'
See /usr/include/servers/bootstrap_defs.h for the error codes.
1537189963190	Marionette	INFO	Listening on port 50607
1537189963271	Marionette	WARN	TLS certificate errors will be ignored for this session
1537189963327	Marionette	DEBUG	[4294967297] Frame script loaded
1537189963328	Marionette	DEBUG	[4294967297] Frame script registered
1537189963824	Marionette	DEBUG	[4294967297] Received DOM event beforeunload for about:blank
2018-09-17 10:12:44.096 plugin-container[959:298861] *** CFMessagePort: bootstrap_register(): failed 1100 (0x44c) 'Permission denied', port = 0x793b, name = 'com.apple.tsm.portname'
See /usr/include/servers/bootstrap_defs.h for the error codes.
1537189965210	Marionette	DEBUG	[4294967297] Received DOM event pagehide for about:blank
1537189968717	Marionette	DEBUG	[4294967297] Received DOM event DOMContentLoaded for http://automationpractice.com/index.php
1537189971930	Marionette	DEBUG	[4294967297] Received DOM event pageshow for http://automationpractice.com/index.php
1537189976987	Marionette	DEBUG	[4294967297] Received DOM event beforeunload for http://automationpractice.com/index.php
1537189978693	Marionette	DEBUG	[4294967297] Received DOM event pagehide for http://automationpractice.com/index.php
1537189978696	Marionette	DEBUG	[4294967297] Received DOM event unload for http://automationpractice.com/index.php
1537189979381	Marionette	DEBUG	[4294967297] Received DOM event DOMContentLoaded for http://automationpractice.com/index.php?controller=authentication&back=my-account
1537189979460	Marionette	DEBUG	[4294967297] Received DOM event pageshow for http://automationpractice.com/index.php?controller=authentication&back=my-account
1537189979818	Marionette	DEBUG	[4294967297] Canceled page load listener because no navigation has been detected
1537189980045	Marionette	DEBUG	[4294967297] Canceled page load listener because no navigation has been detected
1537189985290	Marionette	DEBUG	[4294967297] Canceled page load listener because no navigation has been detected
1537189985617	Marionette	DEBUG	[4294967297] Canceled page load listener because no navigation has been detected
1537189985913	Marionette	DEBUG	[4294967297] Canceled page load listener because no navigation has been detected
1537189986149	Marionette	DEBUG	[4294967297] Canceled page load listener because no navigation has been detected
1537189986379	Marionette	DEBUG	[4294967297] Canceled page load listener because no navigation has been detected
1537189986603	Marionette	DEBUG	[4294967297] Canceled page load listener because no navigation has been detected
1537189986828	Marionette	DEBUG	[4294967297] Canceled page load listener because no navigation has been detected
1537189987252	Marionette	DEBUG	[4294967297] Canceled page load listener because no navigation has been detected
1537189987576	Marionette	DEBUG	[4294967297] Canceled page load listener because no navigation has been detected
1537189987806	Marionette	DEBUG	[4294967297] Received DOM event beforeunload for http://automationpractice.com/index.php?controller=authentication&back=my-account#account-creation
1537189988981	Marionette	DEBUG	[4294967297] Received DOM event pagehide for http://automationpractice.com/index.php?controller=authentication&back=my-account#account-creation
1537189988981	Marionette	DEBUG	[4294967297] Received DOM event unload for http://automationpractice.com/index.php?controller=authentication&back=my-account#account-creation
1537189989123	Marionette	DEBUG	[4294967297] Received DOM event DOMContentLoaded for http://automationpractice.com/index.php?controller=authentication
1537189989355	Marionette	DEBUG	[4294967297] Received DOM event pageshow for http://automationpractice.com/index.php?controller=authentication
1537190033826	geckodriver	INFO	geckodriver 0.21.0
1537190033833	geckodriver	INFO	Listening on 127.0.0.1:50674
1537190034843	mozrunner::runner	INFO	Running command: "/Applications/Firefox.app/Contents/MacOS/firefox-bin" "-marionette" "-foreground" "-no-remote" "-profile" "/var/folders/47/r9vz5bw930xcjg7qy_1nvgbr0000gp/T/rust_mozprofile.Ae9k2cABLt9T"
2018-09-17 10:13:56.541 plugin-container[967:301837] *** CFMessagePort: bootstrap_register(): failed 1100 (0x44c) 'Permission denied', port = 0x893f, name = 'com.apple.tsm.portname'
See /usr/include/servers/bootstrap_defs.h for the error codes.
2018-09-17 10:13:56.752 plugin-container[968:301860] *** CFMessagePort: bootstrap_register(): failed 1100 (0x44c) 'Permission denied', port = 0x8703, name = 'com.apple.tsm.portname'
See /usr/include/servers/bootstrap_defs.h for the error codes.
1537190036967	Marionette	INFO	Listening on port 50685
1537190037003	Marionette	WARN	TLS certificate errors will be ignored for this session
1537190037058	Marionette	DEBUG	[4294967297] Frame script loaded
1537190037059	Marionette	DEBUG	[4294967297] Frame script registered
1537190037503	Marionette	DEBUG	[4294967297] Received DOM event beforeunload for about:blank
2018-09-17 10:13:57.869 plugin-container[969:301996] *** CFMessagePort: bootstrap_register(): failed 1100 (0x44c) 'Permission denied', port = 0x6f3f, name = 'com.apple.tsm.portname'
See /usr/include/servers/bootstrap_defs.h for the error codes.
1537190039203	Marionette	DEBUG	[4294967297] Received DOM event pagehide for about:blank
1537190042749	Marionette	DEBUG	[4294967297] Received DOM event DOMContentLoaded for http://automationpractice.com/index.php
1537190045882	Marionette	DEBUG	[4294967297] Received DOM event pageshow for http://automationpractice.com/index.php
1537190050941	Marionette	DEBUG	[4294967297] Received DOM event beforeunload for http://automationpractice.com/index.php
1537190052503	Marionette	DEBUG	[4294967297] Received DOM event pagehide for http://automationpractice.com/index.php
1537190052506	Marionette	DEBUG	[4294967297] Received DOM event unload for http://automationpractice.com/index.php
1537190053170	Marionette	DEBUG	[4294967297] Received DOM event DOMContentLoaded for http://automationpractice.com/index.php?controller=authentication&back=my-account
1537190053248	Marionette	DEBUG	[4294967297] Received DOM event pageshow for http://automationpractice.com/index.php?controller=authentication&back=my-account
1537190053610	Marionette	DEBUG	[4294967297] Canceled page load listener because no navigation has been detected
1537190053839	Marionette	DEBUG	[4294967297] Canceled page load listener because no navigation has been detected
1537190059080	Marionette	DEBUG	[4294967297] Canceled page load listener because no navigation has been detected
1537190059404	Marionette	DEBUG	[4294967297] Canceled page load listener because no navigation has been detected
1537190059703	Marionette	DEBUG	[4294967297] Canceled page load listener because no navigation has been detected
1537190059945	Marionette	DEBUG	[4294967297] Canceled page load listener because no navigation has been detected
1537190060173	Marionette	DEBUG	[4294967297] Canceled page load listener because no navigation has been detected
1537190060402	Marionette	DEBUG	[4294967297] Canceled page load listener because no navigation has been detected
1537190060624	Marionette	DEBUG	[4294967297] Canceled page load listener because no navigation has been detected
1537190066086	Marionette	DEBUG	[4294967297] Canceled page load listener because no navigation has been detected
1537190066456	Marionette	DEBUG	[4294967297] Canceled page load listener because no navigation has been detected
1537190066681	Marionette	DEBUG	[4294967297] Received DOM event beforeunload for http://automationpractice.com/index.php?controller=authentication&back=my-account#account-creation
1537190067778	Marionette	DEBUG	[4294967297] Received DOM event pagehide for http://automationpractice.com/index.php?controller=authentication&back=my-account#account-creation
1537190067779	Marionette	DEBUG	[4294967297] Received DOM event unload for http://automationpractice.com/index.php?controller=authentication&back=my-account#account-creation
1537190067916	Marionette	DEBUG	[4294967297] Received DOM event DOMContentLoaded for http://automationpractice.com/index.php?controller=authentication
1537190068149	Marionette	DEBUG	[4294967297] Received DOM event pageshow for http://automationpractice.com/index.php?controller=authentication
1537190127216	Marionette	DEBUG	[4294967312] Frame script loaded
1537190127235	Marionette	DEBUG	[4294967312] Frame script registered
1537190127252	Marionette	DEBUG	[6442450945] Frame script loaded
1537190127253	Marionette	DEBUG	[6442450945] Frame script registered
2018-09-17 10:15:28.494 plugin-container[970:306271] *** CFMessagePort: bootstrap_register(): failed 1100 (0x44c) 'Permission denied', port = 0x7237, name = 'com.apple.tsm.portname'
See /usr/include/servers/bootstrap_defs.h for the error codes.
1537190219359	geckodriver	INFO	geckodriver 0.21.0
1537190219366	geckodriver	INFO	Listening on 127.0.0.1:50756
1537190220371	mozrunner::runner	INFO	Running command: "/Applications/Firefox.app/Contents/MacOS/firefox-bin" "-marionette" "-foreground" "-no-remote" "-profile" "/var/folders/47/r9vz5bw930xcjg7qy_1nvgbr0000gp/T/rust_mozprofile.A59wxoZ7Dfgn"
2018-09-17 10:17:02.396 plugin-container[979:311416] *** CFMessagePort: bootstrap_register(): failed 1100 (0x44c) 'Permission denied', port = 0x713f, name = 'com.apple.tsm.portname'
See /usr/include/servers/bootstrap_defs.h for the error codes.
1537190222742	Marionette	INFO	Listening on port 50767
2018-09-17 10:17:02.797 plugin-container[980:311445] *** CFMessagePort: bootstrap_register(): failed 1100 (0x44c) 'Permission denied', port = 0x793f, name = 'com.apple.tsm.portname'
See /usr/include/servers/bootstrap_defs.h for the error codes.
1537190222834	Marionette	WARN	TLS certificate errors will be ignored for this session
1537190222892	Marionette	DEBUG	[2147483649] Frame script loaded
1537190222895	Marionette	DEBUG	[2147483649] Frame script registered
1537190222974	Marionette	DEBUG	[2147483649] Received DOM event beforeunload for about:blank
2018-09-17 10:17:03.395 plugin-container[981:311596] *** CFMessagePort: bootstrap_register(): failed 1100 (0x44c) 'Permission denied', port = 0x753f, name = 'com.apple.tsm.portname'
See /usr/include/servers/bootstrap_defs.h for the error codes.
1537190224214	Marionette	DEBUG	[2147483649] Received DOM event pagehide for about:blank
1537190227746	Marionette	DEBUG	[2147483649] Received DOM event DOMContentLoaded for http://automationpractice.com/index.php
1537190231081	Marionette	DEBUG	[2147483649] Received DOM event pageshow for http://automationpractice.com/index.php
1537190236143	Marionette	DEBUG	[2147483649] Received DOM event beforeunload for http://automationpractice.com/index.php
1537190237767	Marionette	DEBUG	[2147483649] Received DOM event pagehide for http://automationpractice.com/index.php
1537190237767	Marionette	DEBUG	[2147483649] Received DOM event unload for http://automationpractice.com/index.php
1537190238475	Marionette	DEBUG	[2147483649] Received DOM event DOMContentLoaded for http://automationpractice.com/index.php?controller=authentication&back=my-account
1537190238557	Marionette	DEBUG	[2147483649] Received DOM event pageshow for http://automationpractice.com/index.php?controller=authentication&back=my-account
1537190239361	Marionette	DEBUG	[2147483649] Canceled page load listener because no navigation has been detected
1537190244630	Marionette	DEBUG	[2147483649] Canceled page load listener because no navigation has been detected
1537190244959	Marionette	DEBUG	[2147483649] Canceled page load listener because no navigation has been detected
1537190245266	Marionette	DEBUG	[2147483649] Canceled page load listener because no navigation has been detected
1537190245503	Marionette	DEBUG	[2147483649] Canceled page load listener because no navigation has been detected
1537190245732	Marionette	DEBUG	[2147483649] Canceled page load listener because no navigation has been detected
1537190245959	Marionette	DEBUG	[2147483649] Canceled page load listener because no navigation has been detected
1537190246185	Marionette	DEBUG	[2147483649] Canceled page load listener because no navigation has been detected
1537190253639	Marionette	DEBUG	[2147483649] Canceled page load listener because no navigation has been detected
1537190253960	Marionette	DEBUG	[2147483649] Canceled page load listener because no navigation has been detected
1537190254184	Marionette	DEBUG	[2147483649] Received DOM event beforeunload for http://automationpractice.com/index.php?controller=authentication&back=my-account#account-creation
1537190255204	Marionette	DEBUG	[2147483649] Received DOM event pagehide for http://automationpractice.com/index.php?controller=authentication&back=my-account#account-creation
1537190255204	Marionette	DEBUG	[2147483649] Received DOM event unload for http://automationpractice.com/index.php?controller=authentication&back=my-account#account-creation
1537190255339	Marionette	DEBUG	[2147483649] Received DOM event DOMContentLoaded for http://automationpractice.com/index.php?controller=authentication
1537190255564	Marionette	DEBUG	[2147483649] Received DOM event pageshow for http://automationpractice.com/index.php?controller=authentication
1537190280418	Marionette	DEBUG	[2147483664] Frame script loaded
1537190280440	Marionette	DEBUG	[2147483664] Frame script registered
1537190280457	Marionette	DEBUG	[6442450945] Frame script loaded
1537190280458	Marionette	DEBUG	[6442450945] Frame script registered
2018-09-17 10:18:01.697 plugin-container[982:315157] *** CFMessagePort: bootstrap_register(): failed 1100 (0x44c) 'Permission denied', port = 0x8a37, name = 'com.apple.tsm.portname'
See /usr/include/servers/bootstrap_defs.h for the error codes.
1537190293692	Marionette	DEBUG	[6442450948] Frame script loaded
1537190293697	Marionette	DEBUG	[6442450948] Frame script registered
1537190384185	geckodriver	INFO	geckodriver 0.21.0
1537190384192	geckodriver	INFO	Listening on 127.0.0.1:50858
1537190385195	mozrunner::runner	INFO	Running command: "/Applications/Firefox.app/Contents/MacOS/firefox-bin" "-marionette" "-foreground" "-no-remote" "-profile" "/var/folders/47/r9vz5bw930xcjg7qy_1nvgbr0000gp/T/rust_mozprofile.ejo9xJLxEKeV"
2018-09-17 10:19:46.920 plugin-container[1000:320757] *** CFMessagePort: bootstrap_register(): failed 1100 (0x44c) 'Permission denied', port = 0x8a43, name = 'com.apple.tsm.portname'
See /usr/include/servers/bootstrap_defs.h for the error codes.
2018-09-17 10:19:47.120 plugin-container[1001:320779] *** CFMessagePort: bootstrap_register(): failed 1100 (0x44c) 'Permission denied', port = 0x7803, name = 'com.apple.tsm.portname'
See /usr/include/servers/bootstrap_defs.h for the error codes.
1537190387372	Marionette	INFO	Listening on port 50869
1537190387468	Marionette	WARN	TLS certificate errors will be ignored for this session
1537190387523	Marionette	DEBUG	[4294967297] Frame script loaded
1537190387524	Marionette	DEBUG	[4294967297] Frame script registered
2018-09-17 10:19:47.824 plugin-container[1002:320876] *** CFMessagePort: bootstrap_register(): failed 1100 (0x44c) 'Permission denied', port = 0x7307, name = 'com.apple.tsm.portname'
See /usr/include/servers/bootstrap_defs.h for the error codes.
1537190388060	Marionette	DEBUG	[4294967297] Received DOM event beforeunload for about:blank
1537190389320	Marionette	DEBUG	[4294967297] Received DOM event pagehide for about:blank
1537190392473	Marionette	DEBUG	[4294967297] Received DOM event DOMContentLoaded for http://automationpractice.com/index.php
1537190395264	Marionette	DEBUG	[4294967297] Received DOM event pageshow for http://automationpractice.com/index.php
1537190400337	Marionette	DEBUG	[4294967297] Received DOM event beforeunload for http://automationpractice.com/index.php
1537190402340	Marionette	DEBUG	[4294967297] Received DOM event pagehide for http://automationpractice.com/index.php
1537190402341	Marionette	DEBUG	[4294967297] Received DOM event unload for http://automationpractice.com/index.php
1537190402990	Marionette	DEBUG	[4294967297] Received DOM event DOMContentLoaded for http://automationpractice.com/index.php?controller=authentication&back=my-account
1537190403066	Marionette	DEBUG	[4294967297] Received DOM event pageshow for http://automationpractice.com/index.php?controller=authentication&back=my-account
1537190403432	Marionette	DEBUG	[4294967297] Canceled page load listener because no navigation has been detected
1537190403662	Marionette	DEBUG	[4294967297] Canceled page load listener because no navigation has been detected
1537190408910	Marionette	DEBUG	[4294967297] Canceled page load listener because no navigation has been detected
1537190409246	Marionette	DEBUG	[4294967297] Canceled page load listener because no navigation has been detected
1537190409550	Marionette	DEBUG	[4294967297] Canceled page load listener because no navigation has been detected
1537190409792	Marionette	DEBUG	[4294967297] Canceled page load listener because no navigation has been detected
1537190410024	Marionette	DEBUG	[4294967297] Canceled page load listener because no navigation has been detected
1537190410258	Marionette	DEBUG	[4294967297] Canceled page load listener because no navigation has been detected
1537190410481	Marionette	DEBUG	[4294967297] Canceled page load listener because no navigation has been detected
1537190417945	Marionette	DEBUG	[4294967297] Canceled page load listener because no navigation has been detected
1537190418292	Marionette	DEBUG	[4294967297] Canceled page load listener because no navigation has been detected
1537190418519	Marionette	DEBUG	[4294967297] Received DOM event beforeunload for http://automationpractice.com/index.php?controller=authentication&back=my-account#account-creation
1537190419520	Marionette	DEBUG	[4294967297] Received DOM event pagehide for http://automationpractice.com/index.php?controller=authentication&back=my-account#account-creation
1537190419521	Marionette	DEBUG	[4294967297] Received DOM event unload for http://automationpractice.com/index.php?controller=authentication&back=my-account#account-creation
1537190419662	Marionette	DEBUG	[4294967297] Received DOM event DOMContentLoaded for http://automationpractice.com/index.php?controller=authentication
1537190419890	Marionette	DEBUG	[4294967297] Received DOM event pageshow for http://automationpractice.com/index.php?controller=authentication
